

Started GET "/" for 127.0.0.1 at 2014-01-03 01:31:03 -0800
Processing by Rails::WelcomeController#index as HTML
  Rendered /Users/dmitri/.rbenv/versions/2.0.0-p247/lib/ruby/gems/2.0.0/gems/railties-4.0.1/lib/rails/templates/rails/welcome/index.html.erb (1.7ms)
Completed 200 OK in 24ms (Views: 8.6ms | ActiveRecord: 0.0ms)


Started GET "/" for 127.0.0.1 at 2014-01-03 01:40:44 -0800
Processing by Rails::WelcomeController#index as HTML
  Rendered /Users/dmitri/.rbenv/versions/2.0.0-p247/lib/ruby/gems/2.0.0/gems/railties-4.0.1/lib/rails/templates/rails/welcome/index.html.erb (0.1ms)
Completed 200 OK in 2ms (Views: 1.6ms | ActiveRecord: 0.0ms)


Started GET "/" for 127.0.0.1 at 2014-01-03 01:43:06 -0800
Processing by Rails::WelcomeController#index as HTML
  Rendered /Users/dmitri/.rbenv/versions/2.0.0-p247/lib/ruby/gems/2.0.0/gems/railties-4.0.1/lib/rails/templates/rails/welcome/index.html.erb (0.1ms)
Completed 200 OK in 2ms (Views: 1.9ms | ActiveRecord: 0.0ms)


Started GET "/" for 127.0.0.1 at 2014-01-03 01:48:06 -0800
Processing by Rails::WelcomeController#index as HTML
  Rendered /Users/dmitri/.rbenv/versions/2.0.0-p247/lib/ruby/gems/2.0.0/gems/railties-4.0.1/lib/rails/templates/rails/welcome/index.html.erb (0.2ms)
Completed 200 OK in 4ms (Views: 4.0ms | ActiveRecord: 0.0ms)


Started GET "/" for 127.0.0.1 at 2014-01-03 01:51:57 -0800
Processing by Rails::WelcomeController#index as HTML
  Rendered /Users/dmitri/.rbenv/versions/2.0.0-p247/lib/ruby/gems/2.0.0/gems/railties-4.0.1/lib/rails/templates/rails/welcome/index.html.erb (0.1ms)
Completed 200 OK in 4ms (Views: 3.2ms | ActiveRecord: 0.0ms)


Started GET "/" for 127.0.0.1 at 2014-01-03 01:54:15 -0800
Processing by Rails::WelcomeController#index as HTML
  Rendered /Users/dmitri/.rbenv/versions/2.0.0-p247/lib/ruby/gems/2.0.0/gems/railties-4.0.1/lib/rails/templates/rails/welcome/index.html.erb (0.1ms)
Completed 200 OK in 4ms (Views: 3.3ms | ActiveRecord: 0.0ms)


Started GET "/" for 108.89.38.79 at 2014-01-03 01:54:17 -0800
Processing by Rails::WelcomeController#index as HTML
  Rendered /Users/dmitri/.rbenv/versions/2.0.0-p247/lib/ruby/gems/2.0.0/gems/railties-4.0.1/lib/rails/templates/rails/welcome/index.html.erb (0.1ms)
Completed 200 OK in 4ms (Views: 3.8ms | ActiveRecord: 0.0ms)


Started GET "/" for 127.0.0.1 at 2014-01-03 01:57:33 -0800
Processing by Rails::WelcomeController#index as HTML
  Rendered /Users/dmitri/.rbenv/versions/2.0.0-p247/lib/ruby/gems/2.0.0/gems/railties-4.0.1/lib/rails/templates/rails/welcome/index.html.erb (0.2ms)
Completed 200 OK in 8ms (Views: 6.7ms | ActiveRecord: 0.0ms)


Started GET "/hello" for 127.0.0.1 at 2014-01-03 01:57:40 -0800
Processing by HomeController#hello as HTML
Completed 500 Internal Server Error in 9ms

ActionView::MissingTemplate (Missing template home/hello with {:locale=>[:en], :formats=>[:html], :handlers=>[:erb, :builder, :raw, :ruby, :jbuilder, :coffee]}. Searched in:
  * "/opt/huntinglodge/app/views"
):
  actionpack (4.0.1) lib/action_view/path_set.rb:46:in `find'
  actionpack (4.0.1) lib/action_view/lookup_context.rb:115:in `find'
  actionpack (4.0.1) lib/action_view/renderer/abstract_renderer.rb:18:in `find_template'
  actionpack (4.0.1) lib/action_view/renderer/template_renderer.rb:35:in `determine_template'
  actionpack (4.0.1) lib/action_view/renderer/template_renderer.rb:8:in `render'
  actionpack (4.0.1) lib/action_view/renderer/renderer.rb:42:in `render_template'
  actionpack (4.0.1) lib/action_view/renderer/renderer.rb:23:in `render'
  actionpack (4.0.1) lib/abstract_controller/rendering.rb:127:in `_render_template'
  actionpack (4.0.1) lib/action_controller/metal/streaming.rb:219:in `_render_template'
  actionpack (4.0.1) lib/abstract_controller/rendering.rb:120:in `render_to_body'
  actionpack (4.0.1) lib/action_controller/metal/rendering.rb:33:in `render_to_body'
  actionpack (4.0.1) lib/action_controller/metal/renderers.rb:26:in `render_to_body'
  actionpack (4.0.1) lib/abstract_controller/rendering.rb:97:in `render'
  actionpack (4.0.1) lib/action_controller/metal/rendering.rb:16:in `render'
  actionpack (4.0.1) lib/action_controller/metal/instrumentation.rb:41:in `block (2 levels) in render'
  activesupport (4.0.1) lib/active_support/core_ext/benchmark.rb:12:in `block in ms'
  /Users/dmitri/.rbenv/versions/2.0.0-p247/lib/ruby/2.0.0/benchmark.rb:296:in `realtime'
  activesupport (4.0.1) lib/active_support/core_ext/benchmark.rb:12:in `ms'
  actionpack (4.0.1) lib/action_controller/metal/instrumentation.rb:41:in `block in render'
  actionpack (4.0.1) lib/action_controller/metal/instrumentation.rb:84:in `cleanup_view_runtime'
  activerecord (4.0.1) lib/active_record/railties/controller_runtime.rb:25:in `cleanup_view_runtime'
  actionpack (4.0.1) lib/action_controller/metal/instrumentation.rb:40:in `render'
  actionpack (4.0.1) lib/action_controller/metal/implicit_render.rb:10:in `default_render'
  actionpack (4.0.1) lib/action_controller/metal/implicit_render.rb:5:in `send_action'
  actionpack (4.0.1) lib/abstract_controller/base.rb:189:in `process_action'
  actionpack (4.0.1) lib/action_controller/metal/rendering.rb:10:in `process_action'
  actionpack (4.0.1) lib/abstract_controller/callbacks.rb:18:in `block in process_action'
  activesupport (4.0.1) lib/active_support/callbacks.rb:393:in `_run__634666596465640013__process_action__callbacks'
  activesupport (4.0.1) lib/active_support/callbacks.rb:80:in `run_callbacks'
  actionpack (4.0.1) lib/abstract_controller/callbacks.rb:17:in `process_action'
  actionpack (4.0.1) lib/action_controller/metal/rescue.rb:29:in `process_action'
  actionpack (4.0.1) lib/action_controller/metal/instrumentation.rb:31:in `block in process_action'
  activesupport (4.0.1) lib/active_support/notifications.rb:159:in `block in instrument'
  activesupport (4.0.1) lib/active_support/notifications/instrumenter.rb:20:in `instrument'
  activesupport (4.0.1) lib/active_support/notifications.rb:159:in `instrument'
  actionpack (4.0.1) lib/action_controller/metal/instrumentation.rb:30:in `process_action'
  actionpack (4.0.1) lib/action_controller/metal/params_wrapper.rb:245:in `process_action'
  activerecord (4.0.1) lib/active_record/railties/controller_runtime.rb:18:in `process_action'
  actionpack (4.0.1) lib/abstract_controller/base.rb:136:in `process'
  actionpack (4.0.1) lib/abstract_controller/rendering.rb:44:in `process'
  actionpack (4.0.1) lib/action_controller/metal.rb:195:in `dispatch'
  actionpack (4.0.1) lib/action_controller/metal/rack_delegation.rb:13:in `dispatch'
  actionpack (4.0.1) lib/action_controller/metal.rb:231:in `block in action'
  actionpack (4.0.1) lib/action_dispatch/routing/route_set.rb:80:in `call'
  actionpack (4.0.1) lib/action_dispatch/routing/route_set.rb:80:in `dispatch'
  actionpack (4.0.1) lib/action_dispatch/routing/route_set.rb:48:in `call'
  actionpack (4.0.1) lib/action_dispatch/journey/router.rb:71:in `block in call'
  actionpack (4.0.1) lib/action_dispatch/journey/router.rb:59:in `each'
  actionpack (4.0.1) lib/action_dispatch/journey/router.rb:59:in `call'
  actionpack (4.0.1) lib/action_dispatch/routing/route_set.rb:680:in `call'
  rack (1.5.2) lib/rack/etag.rb:23:in `call'
  rack (1.5.2) lib/rack/conditionalget.rb:25:in `call'
  rack (1.5.2) lib/rack/head.rb:11:in `call'
  actionpack (4.0.1) lib/action_dispatch/middleware/params_parser.rb:27:in `call'
  actionpack (4.0.1) lib/action_dispatch/middleware/flash.rb:241:in `call'
  rack (1.5.2) lib/rack/session/abstract/id.rb:225:in `context'
  rack (1.5.2) lib/rack/session/abstract/id.rb:220:in `call'
  actionpack (4.0.1) lib/action_dispatch/middleware/cookies.rb:486:in `call'
  activerecord (4.0.1) lib/active_record/query_cache.rb:36:in `call'
  activerecord (4.0.1) lib/active_record/connection_adapters/abstract/connection_pool.rb:626:in `call'
  activerecord (4.0.1) lib/active_record/migration.rb:369:in `call'
  actionpack (4.0.1) lib/action_dispatch/middleware/callbacks.rb:29:in `block in call'
  activesupport (4.0.1) lib/active_support/callbacks.rb:373:in `_run__3588513964636721919__call__callbacks'
  activesupport (4.0.1) lib/active_support/callbacks.rb:80:in `run_callbacks'
  actionpack (4.0.1) lib/action_dispatch/middleware/callbacks.rb:27:in `call'
  actionpack (4.0.1) lib/action_dispatch/middleware/reloader.rb:64:in `call'
  actionpack (4.0.1) lib/action_dispatch/middleware/remote_ip.rb:76:in `call'
  actionpack (4.0.1) lib/action_dispatch/middleware/debug_exceptions.rb:17:in `call'
  actionpack (4.0.1) lib/action_dispatch/middleware/show_exceptions.rb:30:in `call'
  railties (4.0.1) lib/rails/rack/logger.rb:38:in `call_app'
  railties (4.0.1) lib/rails/rack/logger.rb:20:in `block in call'
  activesupport (4.0.1) lib/active_support/tagged_logging.rb:67:in `block in tagged'
  activesupport (4.0.1) lib/active_support/tagged_logging.rb:25:in `tagged'
  activesupport (4.0.1) lib/active_support/tagged_logging.rb:67:in `tagged'
  railties (4.0.1) lib/rails/rack/logger.rb:20:in `call'
  actionpack (4.0.1) lib/action_dispatch/middleware/request_id.rb:21:in `call'
  rack (1.5.2) lib/rack/methodoverride.rb:21:in `call'
  rack (1.5.2) lib/rack/runtime.rb:17:in `call'
  activesupport (4.0.1) lib/active_support/cache/strategy/local_cache.rb:83:in `call'
  rack (1.5.2) lib/rack/lock.rb:17:in `call'
  actionpack (4.0.1) lib/action_dispatch/middleware/static.rb:64:in `call'
  rack (1.5.2) lib/rack/sendfile.rb:112:in `call'
  railties (4.0.1) lib/rails/engine.rb:511:in `call'
  railties (4.0.1) lib/rails/application.rb:97:in `call'
  puma (2.7.1) lib/puma/rack_patch.rb:13:in `call'
  puma (2.7.1) lib/puma/configuration.rb:68:in `call'
  puma (2.7.1) lib/puma/server.rb:486:in `handle_request'
  puma (2.7.1) lib/puma/server.rb:357:in `process_client'
  puma (2.7.1) lib/puma/server.rb:250:in `block in run'
  puma (2.7.1) lib/puma/thread_pool.rb:92:in `call'
  puma (2.7.1) lib/puma/thread_pool.rb:92:in `block in spawn_thread'


  Rendered /Users/dmitri/.rbenv/versions/2.0.0-p247/lib/ruby/gems/2.0.0/gems/actionpack-4.0.1/lib/action_dispatch/middleware/templates/rescues/missing_template.erb within rescues/layout (1.4ms)


Started GET "/hello" for 127.0.0.1 at 2014-01-03 01:57:52 -0800
Processing by HomeController#hello as HTML
Completed 500 Internal Server Error in 984ms

ActionView::MissingTemplate (Missing template home/hello with {:locale=>[:en], :formats=>[:html], :handlers=>[:erb, :builder, :raw, :ruby, :jbuilder, :coffee]}. Searched in:
  * "/opt/huntinglodge/app/views"
):
  actionpack (4.0.1) lib/action_view/path_set.rb:46:in `find'
  actionpack (4.0.1) lib/action_view/lookup_context.rb:115:in `find'
  actionpack (4.0.1) lib/action_view/renderer/abstract_renderer.rb:18:in `find_template'
  actionpack (4.0.1) lib/action_view/renderer/template_renderer.rb:35:in `determine_template'
  actionpack (4.0.1) lib/action_view/renderer/template_renderer.rb:8:in `render'
  actionpack (4.0.1) lib/action_view/renderer/renderer.rb:42:in `render_template'
  actionpack (4.0.1) lib/action_view/renderer/renderer.rb:23:in `render'
  actionpack (4.0.1) lib/abstract_controller/rendering.rb:127:in `_render_template'
  actionpack (4.0.1) lib/action_controller/metal/streaming.rb:219:in `_render_template'
  actionpack (4.0.1) lib/abstract_controller/rendering.rb:120:in `render_to_body'
  actionpack (4.0.1) lib/action_controller/metal/rendering.rb:33:in `render_to_body'
  actionpack (4.0.1) lib/action_controller/metal/renderers.rb:26:in `render_to_body'
  actionpack (4.0.1) lib/abstract_controller/rendering.rb:97:in `render'
  actionpack (4.0.1) lib/action_controller/metal/rendering.rb:16:in `render'
  actionpack (4.0.1) lib/action_controller/metal/instrumentation.rb:41:in `block (2 levels) in render'
  activesupport (4.0.1) lib/active_support/core_ext/benchmark.rb:12:in `block in ms'
  /Users/dmitri/.rbenv/versions/2.0.0-p247/lib/ruby/2.0.0/benchmark.rb:296:in `realtime'
  activesupport (4.0.1) lib/active_support/core_ext/benchmark.rb:12:in `ms'
  actionpack (4.0.1) lib/action_controller/metal/instrumentation.rb:41:in `block in render'
  actionpack (4.0.1) lib/action_controller/metal/instrumentation.rb:84:in `cleanup_view_runtime'
  activerecord (4.0.1) lib/active_record/railties/controller_runtime.rb:25:in `cleanup_view_runtime'
  actionpack (4.0.1) lib/action_controller/metal/instrumentation.rb:40:in `render'
  actionpack (4.0.1) lib/action_controller/metal/implicit_render.rb:10:in `default_render'
  actionpack (4.0.1) lib/action_controller/metal/implicit_render.rb:5:in `send_action'
  actionpack (4.0.1) lib/abstract_controller/base.rb:189:in `process_action'
  actionpack (4.0.1) lib/action_controller/metal/rendering.rb:10:in `process_action'
  actionpack (4.0.1) lib/abstract_controller/callbacks.rb:18:in `block in process_action'
  activesupport (4.0.1) lib/active_support/callbacks.rb:393:in `_run__634666596465640013__process_action__callbacks'
  activesupport (4.0.1) lib/active_support/callbacks.rb:80:in `run_callbacks'
  actionpack (4.0.1) lib/abstract_controller/callbacks.rb:17:in `process_action'
  actionpack (4.0.1) lib/action_controller/metal/rescue.rb:29:in `process_action'
  actionpack (4.0.1) lib/action_controller/metal/instrumentation.rb:31:in `block in process_action'
  activesupport (4.0.1) lib/active_support/notifications.rb:159:in `block in instrument'
  activesupport (4.0.1) lib/active_support/notifications/instrumenter.rb:20:in `instrument'
  activesupport (4.0.1) lib/active_support/notifications.rb:159:in `instrument'
  actionpack (4.0.1) lib/action_controller/metal/instrumentation.rb:30:in `process_action'
  actionpack (4.0.1) lib/action_controller/metal/params_wrapper.rb:245:in `process_action'
  activerecord (4.0.1) lib/active_record/railties/controller_runtime.rb:18:in `process_action'
  actionpack (4.0.1) lib/abstract_controller/base.rb:136:in `process'
  actionpack (4.0.1) lib/abstract_controller/rendering.rb:44:in `process'
  actionpack (4.0.1) lib/action_controller/metal.rb:195:in `dispatch'
  actionpack (4.0.1) lib/action_controller/metal/rack_delegation.rb:13:in `dispatch'
  actionpack (4.0.1) lib/action_controller/metal.rb:231:in `block in action'
  actionpack (4.0.1) lib/action_dispatch/routing/route_set.rb:80:in `call'
  actionpack (4.0.1) lib/action_dispatch/routing/route_set.rb:80:in `dispatch'
  actionpack (4.0.1) lib/action_dispatch/routing/route_set.rb:48:in `call'
  actionpack (4.0.1) lib/action_dispatch/journey/router.rb:71:in `block in call'
  actionpack (4.0.1) lib/action_dispatch/journey/router.rb:59:in `each'
  actionpack (4.0.1) lib/action_dispatch/journey/router.rb:59:in `call'
  actionpack (4.0.1) lib/action_dispatch/routing/route_set.rb:680:in `call'
  rack (1.5.2) lib/rack/etag.rb:23:in `call'
  rack (1.5.2) lib/rack/conditionalget.rb:25:in `call'
  rack (1.5.2) lib/rack/head.rb:11:in `call'
  actionpack (4.0.1) lib/action_dispatch/middleware/params_parser.rb:27:in `call'
  actionpack (4.0.1) lib/action_dispatch/middleware/flash.rb:241:in `call'
  rack (1.5.2) lib/rack/session/abstract/id.rb:225:in `context'
  rack (1.5.2) lib/rack/session/abstract/id.rb:220:in `call'
  actionpack (4.0.1) lib/action_dispatch/middleware/cookies.rb:486:in `call'
  activerecord (4.0.1) lib/active_record/query_cache.rb:36:in `call'
  activerecord (4.0.1) lib/active_record/connection_adapters/abstract/connection_pool.rb:626:in `call'
  activerecord (4.0.1) lib/active_record/migration.rb:369:in `call'
  actionpack (4.0.1) lib/action_dispatch/middleware/callbacks.rb:29:in `block in call'
  activesupport (4.0.1) lib/active_support/callbacks.rb:373:in `_run__3588513964636721919__call__callbacks'
  activesupport (4.0.1) lib/active_support/callbacks.rb:80:in `run_callbacks'
  actionpack (4.0.1) lib/action_dispatch/middleware/callbacks.rb:27:in `call'
  actionpack (4.0.1) lib/action_dispatch/middleware/reloader.rb:64:in `call'
  actionpack (4.0.1) lib/action_dispatch/middleware/remote_ip.rb:76:in `call'
  actionpack (4.0.1) lib/action_dispatch/middleware/debug_exceptions.rb:17:in `call'
  actionpack (4.0.1) lib/action_dispatch/middleware/show_exceptions.rb:30:in `call'
  railties (4.0.1) lib/rails/rack/logger.rb:38:in `call_app'
  railties (4.0.1) lib/rails/rack/logger.rb:20:in `block in call'
  activesupport (4.0.1) lib/active_support/tagged_logging.rb:67:in `block in tagged'
  activesupport (4.0.1) lib/active_support/tagged_logging.rb:25:in `tagged'
  activesupport (4.0.1) lib/active_support/tagged_logging.rb:67:in `tagged'
  railties (4.0.1) lib/rails/rack/logger.rb:20:in `call'
  actionpack (4.0.1) lib/action_dispatch/middleware/request_id.rb:21:in `call'
  rack (1.5.2) lib/rack/methodoverride.rb:21:in `call'
  rack (1.5.2) lib/rack/runtime.rb:17:in `call'
  activesupport (4.0.1) lib/active_support/cache/strategy/local_cache.rb:83:in `call'
  rack (1.5.2) lib/rack/lock.rb:17:in `call'
  actionpack (4.0.1) lib/action_dispatch/middleware/static.rb:64:in `call'
  rack (1.5.2) lib/rack/sendfile.rb:112:in `call'
  railties (4.0.1) lib/rails/engine.rb:511:in `call'
  railties (4.0.1) lib/rails/application.rb:97:in `call'
  puma (2.7.1) lib/puma/rack_patch.rb:13:in `call'
  puma (2.7.1) lib/puma/configuration.rb:68:in `call'
  puma (2.7.1) lib/puma/server.rb:486:in `handle_request'
  puma (2.7.1) lib/puma/server.rb:357:in `process_client'
  puma (2.7.1) lib/puma/server.rb:250:in `block in run'
  puma (2.7.1) lib/puma/thread_pool.rb:92:in `call'
  puma (2.7.1) lib/puma/thread_pool.rb:92:in `block in spawn_thread'


  Rendered /Users/dmitri/.rbenv/versions/2.0.0-p247/lib/ruby/gems/2.0.0/gems/actionpack-4.0.1/lib/action_dispatch/middleware/templates/rescues/missing_template.erb within rescues/layout (1.1ms)


Started GET "/hello" for 127.0.0.1 at 2014-01-03 01:58:13 -0800
Processing by HomeController#hello as HTML
Completed 500 Internal Server Error in 20ms

ActionView::MissingTemplate (Missing template home/hello with {:locale=>[:en], :formats=>[:html], :handlers=>[:erb, :builder, :raw, :ruby, :jbuilder, :coffee]}. Searched in:
  * "/opt/huntinglodge/app/views"
):
  actionpack (4.0.1) lib/action_view/path_set.rb:46:in `find'
  actionpack (4.0.1) lib/action_view/lookup_context.rb:115:in `find'
  actionpack (4.0.1) lib/action_view/renderer/abstract_renderer.rb:18:in `find_template'
  actionpack (4.0.1) lib/action_view/renderer/template_renderer.rb:35:in `determine_template'
  actionpack (4.0.1) lib/action_view/renderer/template_renderer.rb:8:in `render'
  actionpack (4.0.1) lib/action_view/renderer/renderer.rb:42:in `render_template'
  actionpack (4.0.1) lib/action_view/renderer/renderer.rb:23:in `render'
  actionpack (4.0.1) lib/abstract_controller/rendering.rb:127:in `_render_template'
  actionpack (4.0.1) lib/action_controller/metal/streaming.rb:219:in `_render_template'
  actionpack (4.0.1) lib/abstract_controller/rendering.rb:120:in `render_to_body'
  actionpack (4.0.1) lib/action_controller/metal/rendering.rb:33:in `render_to_body'
  actionpack (4.0.1) lib/action_controller/metal/renderers.rb:26:in `render_to_body'
  actionpack (4.0.1) lib/abstract_controller/rendering.rb:97:in `render'
  actionpack (4.0.1) lib/action_controller/metal/rendering.rb:16:in `render'
  actionpack (4.0.1) lib/action_controller/metal/instrumentation.rb:41:in `block (2 levels) in render'
  activesupport (4.0.1) lib/active_support/core_ext/benchmark.rb:12:in `block in ms'
  /Users/dmitri/.rbenv/versions/2.0.0-p247/lib/ruby/2.0.0/benchmark.rb:296:in `realtime'
  activesupport (4.0.1) lib/active_support/core_ext/benchmark.rb:12:in `ms'
  actionpack (4.0.1) lib/action_controller/metal/instrumentation.rb:41:in `block in render'
  actionpack (4.0.1) lib/action_controller/metal/instrumentation.rb:84:in `cleanup_view_runtime'
  activerecord (4.0.1) lib/active_record/railties/controller_runtime.rb:25:in `cleanup_view_runtime'
  actionpack (4.0.1) lib/action_controller/metal/instrumentation.rb:40:in `render'
  actionpack (4.0.1) lib/action_controller/metal/implicit_render.rb:10:in `default_render'
  actionpack (4.0.1) lib/action_controller/metal/implicit_render.rb:5:in `send_action'
  actionpack (4.0.1) lib/abstract_controller/base.rb:189:in `process_action'
  actionpack (4.0.1) lib/action_controller/metal/rendering.rb:10:in `process_action'
  actionpack (4.0.1) lib/abstract_controller/callbacks.rb:18:in `block in process_action'
  activesupport (4.0.1) lib/active_support/callbacks.rb:393:in `_run__634666596465640013__process_action__callbacks'
  activesupport (4.0.1) lib/active_support/callbacks.rb:80:in `run_callbacks'
  actionpack (4.0.1) lib/abstract_controller/callbacks.rb:17:in `process_action'
  actionpack (4.0.1) lib/action_controller/metal/rescue.rb:29:in `process_action'
  actionpack (4.0.1) lib/action_controller/metal/instrumentation.rb:31:in `block in process_action'
  activesupport (4.0.1) lib/active_support/notifications.rb:159:in `block in instrument'
  activesupport (4.0.1) lib/active_support/notifications/instrumenter.rb:20:in `instrument'
  activesupport (4.0.1) lib/active_support/notifications.rb:159:in `instrument'
  actionpack (4.0.1) lib/action_controller/metal/instrumentation.rb:30:in `process_action'
  actionpack (4.0.1) lib/action_controller/metal/params_wrapper.rb:245:in `process_action'
  activerecord (4.0.1) lib/active_record/railties/controller_runtime.rb:18:in `process_action'
  actionpack (4.0.1) lib/abstract_controller/base.rb:136:in `process'
  actionpack (4.0.1) lib/abstract_controller/rendering.rb:44:in `process'
  actionpack (4.0.1) lib/action_controller/metal.rb:195:in `dispatch'
  actionpack (4.0.1) lib/action_controller/metal/rack_delegation.rb:13:in `dispatch'
  actionpack (4.0.1) lib/action_controller/metal.rb:231:in `block in action'
  actionpack (4.0.1) lib/action_dispatch/routing/route_set.rb:80:in `call'
  actionpack (4.0.1) lib/action_dispatch/routing/route_set.rb:80:in `dispatch'
  actionpack (4.0.1) lib/action_dispatch/routing/route_set.rb:48:in `call'
  actionpack (4.0.1) lib/action_dispatch/journey/router.rb:71:in `block in call'
  actionpack (4.0.1) lib/action_dispatch/journey/router.rb:59:in `each'
  actionpack (4.0.1) lib/action_dispatch/journey/router.rb:59:in `call'
  actionpack (4.0.1) lib/action_dispatch/routing/route_set.rb:680:in `call'
  rack (1.5.2) lib/rack/etag.rb:23:in `call'
  rack (1.5.2) lib/rack/conditionalget.rb:25:in `call'
  rack (1.5.2) lib/rack/head.rb:11:in `call'
  actionpack (4.0.1) lib/action_dispatch/middleware/params_parser.rb:27:in `call'
  actionpack (4.0.1) lib/action_dispatch/middleware/flash.rb:241:in `call'
  rack (1.5.2) lib/rack/session/abstract/id.rb:225:in `context'
  rack (1.5.2) lib/rack/session/abstract/id.rb:220:in `call'
  actionpack (4.0.1) lib/action_dispatch/middleware/cookies.rb:486:in `call'
  activerecord (4.0.1) lib/active_record/query_cache.rb:36:in `call'
  activerecord (4.0.1) lib/active_record/connection_adapters/abstract/connection_pool.rb:626:in `call'
  activerecord (4.0.1) lib/active_record/migration.rb:369:in `call'
  actionpack (4.0.1) lib/action_dispatch/middleware/callbacks.rb:29:in `block in call'
  activesupport (4.0.1) lib/active_support/callbacks.rb:373:in `_run__3588513964636721919__call__callbacks'
  activesupport (4.0.1) lib/active_support/callbacks.rb:80:in `run_callbacks'
  actionpack (4.0.1) lib/action_dispatch/middleware/callbacks.rb:27:in `call'
  actionpack (4.0.1) lib/action_dispatch/middleware/reloader.rb:64:in `call'
  actionpack (4.0.1) lib/action_dispatch/middleware/remote_ip.rb:76:in `call'
  actionpack (4.0.1) lib/action_dispatch/middleware/debug_exceptions.rb:17:in `call'
  actionpack (4.0.1) lib/action_dispatch/middleware/show_exceptions.rb:30:in `call'
  railties (4.0.1) lib/rails/rack/logger.rb:38:in `call_app'
  railties (4.0.1) lib/rails/rack/logger.rb:20:in `block in call'
  activesupport (4.0.1) lib/active_support/tagged_logging.rb:67:in `block in tagged'
  activesupport (4.0.1) lib/active_support/tagged_logging.rb:25:in `tagged'
  activesupport (4.0.1) lib/active_support/tagged_logging.rb:67:in `tagged'
  railties (4.0.1) lib/rails/rack/logger.rb:20:in `call'
  actionpack (4.0.1) lib/action_dispatch/middleware/request_id.rb:21:in `call'
  rack (1.5.2) lib/rack/methodoverride.rb:21:in `call'
  rack (1.5.2) lib/rack/runtime.rb:17:in `call'
  activesupport (4.0.1) lib/active_support/cache/strategy/local_cache.rb:83:in `call'
  rack (1.5.2) lib/rack/lock.rb:17:in `call'
  actionpack (4.0.1) lib/action_dispatch/middleware/static.rb:64:in `call'
  rack (1.5.2) lib/rack/sendfile.rb:112:in `call'
  railties (4.0.1) lib/rails/engine.rb:511:in `call'
  railties (4.0.1) lib/rails/application.rb:97:in `call'
  puma (2.7.1) lib/puma/rack_patch.rb:13:in `call'
  puma (2.7.1) lib/puma/configuration.rb:68:in `call'
  puma (2.7.1) lib/puma/server.rb:486:in `handle_request'
  puma (2.7.1) lib/puma/server.rb:357:in `process_client'
  puma (2.7.1) lib/puma/server.rb:250:in `block in run'
  puma (2.7.1) lib/puma/thread_pool.rb:92:in `call'
  puma (2.7.1) lib/puma/thread_pool.rb:92:in `block in spawn_thread'


  Rendered /Users/dmitri/.rbenv/versions/2.0.0-p247/lib/ruby/gems/2.0.0/gems/actionpack-4.0.1/lib/action_dispatch/middleware/templates/rescues/missing_template.erb within rescues/layout (1.3ms)


Started GET "/hello" for 127.0.0.1 at 2014-01-03 01:58:20 -0800
Processing by HomeController#hello as HTML
Completed 500 Internal Server Error in 17ms

ActionView::MissingTemplate (Missing template home/hello with {:locale=>[:en], :formats=>[:html], :handlers=>[:erb, :builder, :raw, :ruby, :jbuilder, :coffee]}. Searched in:
  * "/opt/huntinglodge/app/views"
):
  actionpack (4.0.1) lib/action_view/path_set.rb:46:in `find'
  actionpack (4.0.1) lib/action_view/lookup_context.rb:115:in `find'
  actionpack (4.0.1) lib/action_view/renderer/abstract_renderer.rb:18:in `find_template'
  actionpack (4.0.1) lib/action_view/renderer/template_renderer.rb:35:in `determine_template'
  actionpack (4.0.1) lib/action_view/renderer/template_renderer.rb:8:in `render'
  actionpack (4.0.1) lib/action_view/renderer/renderer.rb:42:in `render_template'
  actionpack (4.0.1) lib/action_view/renderer/renderer.rb:23:in `render'
  actionpack (4.0.1) lib/abstract_controller/rendering.rb:127:in `_render_template'
  actionpack (4.0.1) lib/action_controller/metal/streaming.rb:219:in `_render_template'
  actionpack (4.0.1) lib/abstract_controller/rendering.rb:120:in `render_to_body'
  actionpack (4.0.1) lib/action_controller/metal/rendering.rb:33:in `render_to_body'
  actionpack (4.0.1) lib/action_controller/metal/renderers.rb:26:in `render_to_body'
  actionpack (4.0.1) lib/abstract_controller/rendering.rb:97:in `render'
  actionpack (4.0.1) lib/action_controller/metal/rendering.rb:16:in `render'
  actionpack (4.0.1) lib/action_controller/metal/instrumentation.rb:41:in `block (2 levels) in render'
  activesupport (4.0.1) lib/active_support/core_ext/benchmark.rb:12:in `block in ms'
  /Users/dmitri/.rbenv/versions/2.0.0-p247/lib/ruby/2.0.0/benchmark.rb:296:in `realtime'
  activesupport (4.0.1) lib/active_support/core_ext/benchmark.rb:12:in `ms'
  actionpack (4.0.1) lib/action_controller/metal/instrumentation.rb:41:in `block in render'
  actionpack (4.0.1) lib/action_controller/metal/instrumentation.rb:84:in `cleanup_view_runtime'
  activerecord (4.0.1) lib/active_record/railties/controller_runtime.rb:25:in `cleanup_view_runtime'
  actionpack (4.0.1) lib/action_controller/metal/instrumentation.rb:40:in `render'
  actionpack (4.0.1) lib/action_controller/metal/implicit_render.rb:10:in `default_render'
  actionpack (4.0.1) lib/action_controller/metal/implicit_render.rb:5:in `send_action'
  actionpack (4.0.1) lib/abstract_controller/base.rb:189:in `process_action'
  actionpack (4.0.1) lib/action_controller/metal/rendering.rb:10:in `process_action'
  actionpack (4.0.1) lib/abstract_controller/callbacks.rb:18:in `block in process_action'
  activesupport (4.0.1) lib/active_support/callbacks.rb:393:in `_run__634666596465640013__process_action__callbacks'
  activesupport (4.0.1) lib/active_support/callbacks.rb:80:in `run_callbacks'
  actionpack (4.0.1) lib/abstract_controller/callbacks.rb:17:in `process_action'
  actionpack (4.0.1) lib/action_controller/metal/rescue.rb:29:in `process_action'
  actionpack (4.0.1) lib/action_controller/metal/instrumentation.rb:31:in `block in process_action'
  activesupport (4.0.1) lib/active_support/notifications.rb:159:in `block in instrument'
  activesupport (4.0.1) lib/active_support/notifications/instrumenter.rb:20:in `instrument'
  activesupport (4.0.1) lib/active_support/notifications.rb:159:in `instrument'
  actionpack (4.0.1) lib/action_controller/metal/instrumentation.rb:30:in `process_action'
  actionpack (4.0.1) lib/action_controller/metal/params_wrapper.rb:245:in `process_action'
  activerecord (4.0.1) lib/active_record/railties/controller_runtime.rb:18:in `process_action'
  actionpack (4.0.1) lib/abstract_controller/base.rb:136:in `process'
  actionpack (4.0.1) lib/abstract_controller/rendering.rb:44:in `process'
  actionpack (4.0.1) lib/action_controller/metal.rb:195:in `dispatch'
  actionpack (4.0.1) lib/action_controller/metal/rack_delegation.rb:13:in `dispatch'
  actionpack (4.0.1) lib/action_controller/metal.rb:231:in `block in action'
  actionpack (4.0.1) lib/action_dispatch/routing/route_set.rb:80:in `call'
  actionpack (4.0.1) lib/action_dispatch/routing/route_set.rb:80:in `dispatch'
  actionpack (4.0.1) lib/action_dispatch/routing/route_set.rb:48:in `call'
  actionpack (4.0.1) lib/action_dispatch/journey/router.rb:71:in `block in call'
  actionpack (4.0.1) lib/action_dispatch/journey/router.rb:59:in `each'
  actionpack (4.0.1) lib/action_dispatch/journey/router.rb:59:in `call'
  actionpack (4.0.1) lib/action_dispatch/routing/route_set.rb:680:in `call'
  rack (1.5.2) lib/rack/etag.rb:23:in `call'
  rack (1.5.2) lib/rack/conditionalget.rb:25:in `call'
  rack (1.5.2) lib/rack/head.rb:11:in `call'
  actionpack (4.0.1) lib/action_dispatch/middleware/params_parser.rb:27:in `call'
  actionpack (4.0.1) lib/action_dispatch/middleware/flash.rb:241:in `call'
  rack (1.5.2) lib/rack/session/abstract/id.rb:225:in `context'
  rack (1.5.2) lib/rack/session/abstract/id.rb:220:in `call'
  actionpack (4.0.1) lib/action_dispatch/middleware/cookies.rb:486:in `call'
  activerecord (4.0.1) lib/active_record/query_cache.rb:36:in `call'
  activerecord (4.0.1) lib/active_record/connection_adapters/abstract/connection_pool.rb:626:in `call'
  activerecord (4.0.1) lib/active_record/migration.rb:369:in `call'
  actionpack (4.0.1) lib/action_dispatch/middleware/callbacks.rb:29:in `block in call'
  activesupport (4.0.1) lib/active_support/callbacks.rb:373:in `_run__3588513964636721919__call__callbacks'
  activesupport (4.0.1) lib/active_support/callbacks.rb:80:in `run_callbacks'
  actionpack (4.0.1) lib/action_dispatch/middleware/callbacks.rb:27:in `call'
  actionpack (4.0.1) lib/action_dispatch/middleware/reloader.rb:64:in `call'
  actionpack (4.0.1) lib/action_dispatch/middleware/remote_ip.rb:76:in `call'
  actionpack (4.0.1) lib/action_dispatch/middleware/debug_exceptions.rb:17:in `call'
  actionpack (4.0.1) lib/action_dispatch/middleware/show_exceptions.rb:30:in `call'
  railties (4.0.1) lib/rails/rack/logger.rb:38:in `call_app'
  railties (4.0.1) lib/rails/rack/logger.rb:20:in `block in call'
  activesupport (4.0.1) lib/active_support/tagged_logging.rb:67:in `block in tagged'
  activesupport (4.0.1) lib/active_support/tagged_logging.rb:25:in `tagged'
  activesupport (4.0.1) lib/active_support/tagged_logging.rb:67:in `tagged'
  railties (4.0.1) lib/rails/rack/logger.rb:20:in `call'
  actionpack (4.0.1) lib/action_dispatch/middleware/request_id.rb:21:in `call'
  rack (1.5.2) lib/rack/methodoverride.rb:21:in `call'
  rack (1.5.2) lib/rack/runtime.rb:17:in `call'
  activesupport (4.0.1) lib/active_support/cache/strategy/local_cache.rb:83:in `call'
  rack (1.5.2) lib/rack/lock.rb:17:in `call'
  actionpack (4.0.1) lib/action_dispatch/middleware/static.rb:64:in `call'
  rack (1.5.2) lib/rack/sendfile.rb:112:in `call'
  railties (4.0.1) lib/rails/engine.rb:511:in `call'
  railties (4.0.1) lib/rails/application.rb:97:in `call'
  puma (2.7.1) lib/puma/rack_patch.rb:13:in `call'
  puma (2.7.1) lib/puma/configuration.rb:68:in `call'
  puma (2.7.1) lib/puma/server.rb:486:in `handle_request'
  puma (2.7.1) lib/puma/server.rb:357:in `process_client'
  puma (2.7.1) lib/puma/server.rb:250:in `block in run'
  puma (2.7.1) lib/puma/thread_pool.rb:92:in `call'
  puma (2.7.1) lib/puma/thread_pool.rb:92:in `block in spawn_thread'


  Rendered /Users/dmitri/.rbenv/versions/2.0.0-p247/lib/ruby/gems/2.0.0/gems/actionpack-4.0.1/lib/action_dispatch/middleware/templates/rescues/missing_template.erb within rescues/layout (1.4ms)


Started GET "/hello" for 127.0.0.1 at 2014-01-03 01:58:26 -0800
Processing by HomeController#hello as HTML
Completed 500 Internal Server Error in 20ms

ActionView::MissingTemplate (Missing template home/hello with {:locale=>[:en], :formats=>[:html], :handlers=>[:erb, :builder, :raw, :ruby, :jbuilder, :coffee]}. Searched in:
  * "/opt/huntinglodge/app/views"
):
  actionpack (4.0.1) lib/action_view/path_set.rb:46:in `find'
  actionpack (4.0.1) lib/action_view/lookup_context.rb:115:in `find'
  actionpack (4.0.1) lib/action_view/renderer/abstract_renderer.rb:18:in `find_template'
  actionpack (4.0.1) lib/action_view/renderer/template_renderer.rb:35:in `determine_template'
  actionpack (4.0.1) lib/action_view/renderer/template_renderer.rb:8:in `render'
  actionpack (4.0.1) lib/action_view/renderer/renderer.rb:42:in `render_template'
  actionpack (4.0.1) lib/action_view/renderer/renderer.rb:23:in `render'
  actionpack (4.0.1) lib/abstract_controller/rendering.rb:127:in `_render_template'
  actionpack (4.0.1) lib/action_controller/metal/streaming.rb:219:in `_render_template'
  actionpack (4.0.1) lib/abstract_controller/rendering.rb:120:in `render_to_body'
  actionpack (4.0.1) lib/action_controller/metal/rendering.rb:33:in `render_to_body'
  actionpack (4.0.1) lib/action_controller/metal/renderers.rb:26:in `render_to_body'
  actionpack (4.0.1) lib/abstract_controller/rendering.rb:97:in `render'
  actionpack (4.0.1) lib/action_controller/metal/rendering.rb:16:in `render'
  actionpack (4.0.1) lib/action_controller/metal/instrumentation.rb:41:in `block (2 levels) in render'
  activesupport (4.0.1) lib/active_support/core_ext/benchmark.rb:12:in `block in ms'
  /Users/dmitri/.rbenv/versions/2.0.0-p247/lib/ruby/2.0.0/benchmark.rb:296:in `realtime'
  activesupport (4.0.1) lib/active_support/core_ext/benchmark.rb:12:in `ms'
  actionpack (4.0.1) lib/action_controller/metal/instrumentation.rb:41:in `block in render'
  actionpack (4.0.1) lib/action_controller/metal/instrumentation.rb:84:in `cleanup_view_runtime'
  activerecord (4.0.1) lib/active_record/railties/controller_runtime.rb:25:in `cleanup_view_runtime'
  actionpack (4.0.1) lib/action_controller/metal/instrumentation.rb:40:in `render'
  actionpack (4.0.1) lib/action_controller/metal/implicit_render.rb:10:in `default_render'
  actionpack (4.0.1) lib/action_controller/metal/implicit_render.rb:5:in `send_action'
  actionpack (4.0.1) lib/abstract_controller/base.rb:189:in `process_action'
  actionpack (4.0.1) lib/action_controller/metal/rendering.rb:10:in `process_action'
  actionpack (4.0.1) lib/abstract_controller/callbacks.rb:18:in `block in process_action'
  activesupport (4.0.1) lib/active_support/callbacks.rb:393:in `_run__634666596465640013__process_action__callbacks'
  activesupport (4.0.1) lib/active_support/callbacks.rb:80:in `run_callbacks'
  actionpack (4.0.1) lib/abstract_controller/callbacks.rb:17:in `process_action'
  actionpack (4.0.1) lib/action_controller/metal/rescue.rb:29:in `process_action'
  actionpack (4.0.1) lib/action_controller/metal/instrumentation.rb:31:in `block in process_action'
  activesupport (4.0.1) lib/active_support/notifications.rb:159:in `block in instrument'
  activesupport (4.0.1) lib/active_support/notifications/instrumenter.rb:20:in `instrument'
  activesupport (4.0.1) lib/active_support/notifications.rb:159:in `instrument'
  actionpack (4.0.1) lib/action_controller/metal/instrumentation.rb:30:in `process_action'
  actionpack (4.0.1) lib/action_controller/metal/params_wrapper.rb:245:in `process_action'
  activerecord (4.0.1) lib/active_record/railties/controller_runtime.rb:18:in `process_action'
  actionpack (4.0.1) lib/abstract_controller/base.rb:136:in `process'
  actionpack (4.0.1) lib/abstract_controller/rendering.rb:44:in `process'
  actionpack (4.0.1) lib/action_controller/metal.rb:195:in `dispatch'
  actionpack (4.0.1) lib/action_controller/metal/rack_delegation.rb:13:in `dispatch'
  actionpack (4.0.1) lib/action_controller/metal.rb:231:in `block in action'
  actionpack (4.0.1) lib/action_dispatch/routing/route_set.rb:80:in `call'
  actionpack (4.0.1) lib/action_dispatch/routing/route_set.rb:80:in `dispatch'
  actionpack (4.0.1) lib/action_dispatch/routing/route_set.rb:48:in `call'
  actionpack (4.0.1) lib/action_dispatch/journey/router.rb:71:in `block in call'
  actionpack (4.0.1) lib/action_dispatch/journey/router.rb:59:in `each'
  actionpack (4.0.1) lib/action_dispatch/journey/router.rb:59:in `call'
  actionpack (4.0.1) lib/action_dispatch/routing/route_set.rb:680:in `call'
  rack (1.5.2) lib/rack/etag.rb:23:in `call'
  rack (1.5.2) lib/rack/conditionalget.rb:25:in `call'
  rack (1.5.2) lib/rack/head.rb:11:in `call'
  actionpack (4.0.1) lib/action_dispatch/middleware/params_parser.rb:27:in `call'
  actionpack (4.0.1) lib/action_dispatch/middleware/flash.rb:241:in `call'
  rack (1.5.2) lib/rack/session/abstract/id.rb:225:in `context'
  rack (1.5.2) lib/rack/session/abstract/id.rb:220:in `call'
  actionpack (4.0.1) lib/action_dispatch/middleware/cookies.rb:486:in `call'
  activerecord (4.0.1) lib/active_record/query_cache.rb:36:in `call'
  activerecord (4.0.1) lib/active_record/connection_adapters/abstract/connection_pool.rb:626:in `call'
  activerecord (4.0.1) lib/active_record/migration.rb:369:in `call'
  actionpack (4.0.1) lib/action_dispatch/middleware/callbacks.rb:29:in `block in call'
  activesupport (4.0.1) lib/active_support/callbacks.rb:373:in `_run__3588513964636721919__call__callbacks'
  activesupport (4.0.1) lib/active_support/callbacks.rb:80:in `run_callbacks'
  actionpack (4.0.1) lib/action_dispatch/middleware/callbacks.rb:27:in `call'
  actionpack (4.0.1) lib/action_dispatch/middleware/reloader.rb:64:in `call'
  actionpack (4.0.1) lib/action_dispatch/middleware/remote_ip.rb:76:in `call'
  actionpack (4.0.1) lib/action_dispatch/middleware/debug_exceptions.rb:17:in `call'
  actionpack (4.0.1) lib/action_dispatch/middleware/show_exceptions.rb:30:in `call'
  railties (4.0.1) lib/rails/rack/logger.rb:38:in `call_app'
  railties (4.0.1) lib/rails/rack/logger.rb:20:in `block in call'
  activesupport (4.0.1) lib/active_support/tagged_logging.rb:67:in `block in tagged'
  activesupport (4.0.1) lib/active_support/tagged_logging.rb:25:in `tagged'
  activesupport (4.0.1) lib/active_support/tagged_logging.rb:67:in `tagged'
  railties (4.0.1) lib/rails/rack/logger.rb:20:in `call'
  actionpack (4.0.1) lib/action_dispatch/middleware/request_id.rb:21:in `call'
  rack (1.5.2) lib/rack/methodoverride.rb:21:in `call'
  rack (1.5.2) lib/rack/runtime.rb:17:in `call'
  activesupport (4.0.1) lib/active_support/cache/strategy/local_cache.rb:83:in `call'
  rack (1.5.2) lib/rack/lock.rb:17:in `call'
  actionpack (4.0.1) lib/action_dispatch/middleware/static.rb:64:in `call'
  rack (1.5.2) lib/rack/sendfile.rb:112:in `call'
  railties (4.0.1) lib/rails/engine.rb:511:in `call'
  railties (4.0.1) lib/rails/application.rb:97:in `call'
  puma (2.7.1) lib/puma/rack_patch.rb:13:in `call'
  puma (2.7.1) lib/puma/configuration.rb:68:in `call'
  puma (2.7.1) lib/puma/server.rb:486:in `handle_request'
  puma (2.7.1) lib/puma/server.rb:357:in `process_client'
  puma (2.7.1) lib/puma/server.rb:250:in `block in run'
  puma (2.7.1) lib/puma/thread_pool.rb:92:in `call'
  puma (2.7.1) lib/puma/thread_pool.rb:92:in `block in spawn_thread'


  Rendered /Users/dmitri/.rbenv/versions/2.0.0-p247/lib/ruby/gems/2.0.0/gems/actionpack-4.0.1/lib/action_dispatch/middleware/templates/rescues/missing_template.erb within rescues/layout (1.6ms)


Started GET "/hello" for 127.0.0.1 at 2014-01-03 01:59:21 -0800
Processing by HomeController#hello as HTML


Started GET "/hello" for 127.0.0.1 at 2014-01-03 02:06:01 -0800
Processing by HomeController#hello as HTML
Completed 500 Internal Server Error in 22ms

ActionView::MissingTemplate (Missing template home/ok with {:locale=>[:en], :formats=>[:html], :handlers=>[:erb, :builder, :raw, :ruby, :jbuilder, :coffee]}. Searched in:
  * "/opt/huntinglodge/app/views"
):
  app/controllers/home_controller.rb:14:in `hello'


  Rendered /Users/dmitri/.rbenv/versions/2.0.0-p247/lib/ruby/gems/2.0.0/gems/actionpack-4.0.1/lib/action_dispatch/middleware/templates/rescues/missing_template.erb within rescues/layout (1.5ms)


Started GET "/hello" for 127.0.0.1 at 2014-01-03 02:06:15 -0800
Processing by HomeController#hello as HTML
Completed 200 OK in 1ms (Views: 0.1ms | ActiveRecord: 0.0ms)


Started GET "/hello?query=hello" for 127.0.0.1 at 2014-01-03 02:06:40 -0800
Processing by HomeController#hello as HTML
  Parameters: {"query"=>"hello"}
Completed 200 OK in 1191ms (Views: 0.4ms | ActiveRecord: 0.0ms)


Started GET "/hello?query=hello%20how%20are%20you" for 127.0.0.1 at 2014-01-03 02:06:45 -0800
Processing by HomeController#hello as HTML
  Parameters: {"query"=>"hello how are you"}
Completed 200 OK in 1504ms (Views: 0.3ms | ActiveRecord: 0.0ms)
